@echo off
REM Run all Docker multi-account tests

echo ğŸ§ª Running Docker Multi-Account Tests
echo â”â”â”â”â”â”â”â”â”â”â”â”â”â”â”â”â”â”â”â”â”â”â”â”â”â”â”â”â”â”â”â”â”â”â”

set TOTAL_TESTS=0
set PASSED_TESTS=0
set FAILED_TESTS=0

echo.
echo 1ï¸âƒ£ Running Orchestrator Tests...
echo â”€â”€â”€â”€â”€â”€â”€â”€â”€â”€â”€â”€â”€â”€â”€â”€â”€â”€â”€â”€â”€â”€â”€â”€â”€â”€â”€â”€â”€â”€â”€â”€â”€
cd orchestrator
call npm run test:run
if %errorlevel% equ 0 (
    echo âœ“ Orchestrator tests passed
    set /a PASSED_TESTS+=1
) else (
    echo âœ— Orchestrator tests failed
    set /a FAILED_TESTS+=1
)
cd ..
set /a TOTAL_TESTS+=1

echo.
echo 2ï¸âƒ£ Running Worker Tests...
echo â”€â”€â”€â”€â”€â”€â”€â”€â”€â”€â”€â”€â”€â”€â”€â”€â”€â”€â”€â”€â”€â”€â”€â”€â”€â”€â”€â”€â”€â”€â”€â”€â”€
cd claude-worker
call npm run test:run
if %errorlevel% equ 0 (
    echo âœ“ Worker tests passed
    set /a PASSED_TESTS+=1
) else (
    echo âœ— Worker tests failed
    set /a FAILED_TESTS+=1
)
cd ..
set /a TOTAL_TESTS+=1

echo.
echo 3ï¸âƒ£ Running Integration Tests...
echo â”€â”€â”€â”€â”€â”€â”€â”€â”€â”€â”€â”€â”€â”€â”€â”€â”€â”€â”€â”€â”€â”€â”€â”€â”€â”€â”€â”€â”€â”€â”€â”€â”€
if exist ..\node_modules\.bin\vitest (
    ..\node_modules\.bin\vitest run integration.test.js
    if %errorlevel% equ 0 (
        echo âœ“ Integration tests passed
        set /a PASSED_TESTS+=1
    ) else (
        echo âœ— Integration tests failed
        set /a FAILED_TESTS+=1
    )
    set /a TOTAL_TESTS+=1
) else (
    echo âš ï¸  Vitest not found in parent directory, skipping integration tests
)

echo.
echo â”â”â”â”â”â”â”â”â”â”â”â”â”â”â”â”â”â”â”â”â”â”â”â”â”â”â”â”â”â”â”â”â”â”â”
echo ğŸ“Š Test Results Summary
echo â”â”â”â”â”â”â”â”â”â”â”â”â”â”â”â”â”â”â”â”â”â”â”â”â”â”â”â”â”â”â”â”â”â”â”
echo Total Test Suites: %TOTAL_TESTS%
echo Passed: %PASSED_TESTS%
echo Failed: %FAILED_TESTS%

if %FAILED_TESTS% equ 0 (
    echo.
    echo âœ… All tests passed successfully!
    exit /b 0
) else (
    echo.
    echo âŒ Some tests failed. Please review the errors above.
    exit /b 1
)